<html>
<head>
<title>TestNG:  Test</title>
<link href="../testng.css" rel="stylesheet" type="text/css" />
<link href="../my-testng.css" rel="stylesheet" type="text/css" />

<style type="text/css">
.log { display: none;} 
.stack-trace { display: none;} 
</style>
<script type="text/javascript">
<!--
function flip(e) {
  current = e.style.display;
  if (current == 'block') {
    e.style.display = 'none';
    return 0;
  }
  else {
    e.style.display = 'block';
    return 1;
  }
}

function toggleBox(szDivId, elem, msg1, msg2)
{
  var res = -1;  if (document.getElementById) {
    res = flip(document.getElementById(szDivId));
  }
  else if (document.all) {
    // this is the way old msie versions work
    res = flip(document.all[szDivId]);
  }
  if(elem) {
    if(res == 0) elem.innerHTML = msg1; else elem.innerHTML = msg2;
  }

}

function toggleAllBoxes() {
  if (document.getElementsByTagName) {
    d = document.getElementsByTagName('div');
    for (i = 0; i < d.length; i++) {
      if (d[i].className == 'log') {
        flip(d[i]);
      }
    }
  }
}

// -->
</script>

</head>
<body>
<h2 align='center'>Test</h2><table border='1' align="center">
<tr>
<td>Tests passed/Failed/Skipped:</td><td>4/17/0</td>
</tr><tr>
<td>Started on:</td><td>Mon Feb 06 14:33:44 IST 2017</td>
</tr>
<tr><td>Total time:</td><td>1394 seconds (1394270 ms)</td>
</tr><tr>
<td>Included groups:</td><td></td>
</tr><tr>
<td>Excluded groups:</td><td></td>
</tr>
</table><p/>
<small><i>(Hover the method name to see the test class name)</i></small><p/>
<table width='100%' border='1' class='invocation-failed'>
<tr><td colspan='4' align='center'><b>FAILED TESTS</b></td></tr>
<tr><td><b>Test method</b></td>
<td width="30%"><b>Exception</b></td>
<td width="10%"><b>Time (seconds)</b></td>
<td><b>Instance</b></td>
</tr>
<tr>
<td title='testcases.Register_NonLoyalUser.login()'><b>login</b><br>Test class: testcases.Register_NonLoyalUser<br>Parameters: sudharsan.kg+241@saggezza.com, sagezza123, Muthu, raman, 5427392892, 76543, sudharsan.kg@saggezza.com, sudharsan@27</td>
<td><div><pre>java.lang.RuntimeException: FAILED
	at utils.Reporter.reportStep(Reporter.java:38)
	at wrappers.GenericWrappers.clickByXpath(GenericWrappers.java:327)
	at pages.AccountOverview.clickLogout(AccountOverview.java:16)
	at testcases.Register_NonLoyalUser.login(Register_NonLoyalUser.java:28)
... Removed 24 stack frames</pre></div><a href='#' onClick='toggleBox("stack-trace811207775", this, "Click to show all stack frames", "Click to hide stack frames")'>Click to show all stack frames</a>
<div class='stack-trace' id='stack-trace811207775'><pre>java.lang.RuntimeException: FAILED
	at utils.Reporter.reportStep(Reporter.java:38)
	at wrappers.GenericWrappers.clickByXpath(GenericWrappers.java:327)
	at pages.AccountOverview.clickLogout(AccountOverview.java:16)
	at testcases.Register_NonLoyalUser.login(Register_NonLoyalUser.java:28)
	at sun.reflect.NativeMethodAccessorImpl.invoke0(Native Method)
	at sun.reflect.NativeMethodAccessorImpl.invoke(Unknown Source)
	at sun.reflect.DelegatingMethodAccessorImpl.invoke(Unknown Source)
	at java.lang.reflect.Method.invoke(Unknown Source)
	at org.testng.internal.MethodInvocationHelper.invokeMethod(MethodInvocationHelper.java:85)
	at org.testng.internal.Invoker.invokeMethod(Invoker.java:659)
	at org.testng.internal.Invoker.invokeTestMethod(Invoker.java:845)
	at org.testng.internal.Invoker.invokeTestMethods(Invoker.java:1153)
	at org.testng.internal.TestMethodWorker.invokeTestMethods(TestMethodWorker.java:125)
	at org.testng.internal.TestMethodWorker.run(TestMethodWorker.java:108)
	at org.testng.TestRunner.privateRun(TestRunner.java:771)
	at org.testng.TestRunner.run(TestRunner.java:621)
	at org.testng.SuiteRunner.runTest(SuiteRunner.java:357)
	at org.testng.SuiteRunner.runSequentially(SuiteRunner.java:352)
	at org.testng.SuiteRunner.privateRun(SuiteRunner.java:310)
	at org.testng.SuiteRunner.run(SuiteRunner.java:259)
	at org.testng.SuiteRunnerWorker.runSuite(SuiteRunnerWorker.java:52)
	at org.testng.SuiteRunnerWorker.run(SuiteRunnerWorker.java:86)
	at org.testng.TestNG.runSuitesSequentially(TestNG.java:1199)
	at org.testng.TestNG.runSuitesLocally(TestNG.java:1124)
	at org.testng.TestNG.run(TestNG.java:1032)
	at org.testng.remote.AbstractRemoteTestNG.run(AbstractRemoteTestNG.java:132)
	at org.testng.remote.RemoteTestNG.initAndRun(RemoteTestNG.java:236)
	at org.testng.remote.RemoteTestNG.main(RemoteTestNG.java:81)
</pre></div></td>
<td>39</td>
<td>testcases.Register_NonLoyalUser@4b952a2d</td></tr>
<tr>
<td title='testcases.Register_LoyalUser.login()'><b>login</b><br>Test class: testcases.Register_LoyalUser<br>Parameters: sudharsan.kg+240@saggezza.com, sagezza123, Muthu, raman, 5427392892, 76543, June, 10, sudharsan.kg@saggezza.com, sudharsan@27</td>
<td><div><pre>java.lang.RuntimeException: FAILED
	at utils.Reporter.reportStep(Reporter.java:38)
	at wrappers.GenericWrappers.selectByName(GenericWrappers.java:416)
	at pages.Register.enterMonth(Register.java:64)
	at testcases.Register_LoyalUser.login(Register_LoyalUser.java:26)
... Removed 24 stack frames</pre></div><a href='#' onClick='toggleBox("stack-trace2069500590", this, "Click to show all stack frames", "Click to hide stack frames")'>Click to show all stack frames</a>
<div class='stack-trace' id='stack-trace2069500590'><pre>java.lang.RuntimeException: FAILED
	at utils.Reporter.reportStep(Reporter.java:38)
	at wrappers.GenericWrappers.selectByName(GenericWrappers.java:416)
	at pages.Register.enterMonth(Register.java:64)
	at testcases.Register_LoyalUser.login(Register_LoyalUser.java:26)
	at sun.reflect.NativeMethodAccessorImpl.invoke0(Native Method)
	at sun.reflect.NativeMethodAccessorImpl.invoke(Unknown Source)
	at sun.reflect.DelegatingMethodAccessorImpl.invoke(Unknown Source)
	at java.lang.reflect.Method.invoke(Unknown Source)
	at org.testng.internal.MethodInvocationHelper.invokeMethod(MethodInvocationHelper.java:85)
	at org.testng.internal.Invoker.invokeMethod(Invoker.java:659)
	at org.testng.internal.Invoker.invokeTestMethod(Invoker.java:845)
	at org.testng.internal.Invoker.invokeTestMethods(Invoker.java:1153)
	at org.testng.internal.TestMethodWorker.invokeTestMethods(TestMethodWorker.java:125)
	at org.testng.internal.TestMethodWorker.run(TestMethodWorker.java:108)
	at org.testng.TestRunner.privateRun(TestRunner.java:771)
	at org.testng.TestRunner.run(TestRunner.java:621)
	at org.testng.SuiteRunner.runTest(SuiteRunner.java:357)
	at org.testng.SuiteRunner.runSequentially(SuiteRunner.java:352)
	at org.testng.SuiteRunner.privateRun(SuiteRunner.java:310)
	at org.testng.SuiteRunner.run(SuiteRunner.java:259)
	at org.testng.SuiteRunnerWorker.runSuite(SuiteRunnerWorker.java:52)
	at org.testng.SuiteRunnerWorker.run(SuiteRunnerWorker.java:86)
	at org.testng.TestNG.runSuitesSequentially(TestNG.java:1199)
	at org.testng.TestNG.runSuitesLocally(TestNG.java:1124)
	at org.testng.TestNG.run(TestNG.java:1032)
	at org.testng.remote.AbstractRemoteTestNG.run(AbstractRemoteTestNG.java:132)
	at org.testng.remote.RemoteTestNG.initAndRun(RemoteTestNG.java:236)
	at org.testng.remote.RemoteTestNG.main(RemoteTestNG.java:81)
</pre></div></td>
<td>46</td>
<td>testcases.Register_LoyalUser@6adede5</td></tr>
<tr>
<td title='testcases.RegUserRegularOrderPayAtRestaurant.login()'><b>login</b><br>Test class: testcases.RegUserRegularOrderPayAtRestaurant<br>Parameters: sudharsan.kg@saggezza.com, qwerty123, 1, 2, 01/30/2017, 12:00 PM, January 30, sudharsan.kg@saggezza.com, sudharsan@27, Order Confirmation</td>
<td><div><pre>java.lang.RuntimeException: FAILED
	at utils.Reporter.reportStep(Reporter.java:38)
	at wrappers.GenericWrappers.clickByXpath(GenericWrappers.java:327)
	at pages.MenuAndOrd.clickSize1(MenuAndOrd.java:73)
	at testcases.RegUserRegularOrderPayAtRestaurant.login(RegUserRegularOrderPayAtRestaurant.java:25)
... Removed 24 stack frames</pre></div><a href='#' onClick='toggleBox("stack-trace2029780820", this, "Click to show all stack frames", "Click to hide stack frames")'>Click to show all stack frames</a>
<div class='stack-trace' id='stack-trace2029780820'><pre>java.lang.RuntimeException: FAILED
	at utils.Reporter.reportStep(Reporter.java:38)
	at wrappers.GenericWrappers.clickByXpath(GenericWrappers.java:327)
	at pages.MenuAndOrd.clickSize1(MenuAndOrd.java:73)
	at testcases.RegUserRegularOrderPayAtRestaurant.login(RegUserRegularOrderPayAtRestaurant.java:25)
	at sun.reflect.NativeMethodAccessorImpl.invoke0(Native Method)
	at sun.reflect.NativeMethodAccessorImpl.invoke(Unknown Source)
	at sun.reflect.DelegatingMethodAccessorImpl.invoke(Unknown Source)
	at java.lang.reflect.Method.invoke(Unknown Source)
	at org.testng.internal.MethodInvocationHelper.invokeMethod(MethodInvocationHelper.java:85)
	at org.testng.internal.Invoker.invokeMethod(Invoker.java:659)
	at org.testng.internal.Invoker.invokeTestMethod(Invoker.java:845)
	at org.testng.internal.Invoker.invokeTestMethods(Invoker.java:1153)
	at org.testng.internal.TestMethodWorker.invokeTestMethods(TestMethodWorker.java:125)
	at org.testng.internal.TestMethodWorker.run(TestMethodWorker.java:108)
	at org.testng.TestRunner.privateRun(TestRunner.java:771)
	at org.testng.TestRunner.run(TestRunner.java:621)
	at org.testng.SuiteRunner.runTest(SuiteRunner.java:357)
	at org.testng.SuiteRunner.runSequentially(SuiteRunner.java:352)
	at org.testng.SuiteRunner.privateRun(SuiteRunner.java:310)
	at org.testng.SuiteRunner.run(SuiteRunner.java:259)
	at org.testng.SuiteRunnerWorker.runSuite(SuiteRunnerWorker.java:52)
	at org.testng.SuiteRunnerWorker.run(SuiteRunnerWorker.java:86)
	at org.testng.TestNG.runSuitesSequentially(TestNG.java:1199)
	at org.testng.TestNG.runSuitesLocally(TestNG.java:1124)
	at org.testng.TestNG.run(TestNG.java:1032)
	at org.testng.remote.AbstractRemoteTestNG.run(AbstractRemoteTestNG.java:132)
	at org.testng.remote.RemoteTestNG.initAndRun(RemoteTestNG.java:236)
	at org.testng.remote.RemoteTestNG.main(RemoteTestNG.java:81)
</pre></div></td>
<td>52</td>
<td>testcases.RegUserRegularOrderPayAtRestaurant@56ef9176</td></tr>
<tr>
<td title='testcases.RegUserPartyOrderPayAtRestaurant.login()'><b>login</b><br>Test class: testcases.RegUserPartyOrderPayAtRestaurant<br>Parameters: sudharsan.kg@saggezza.com, qwerty123, 1, 2, 01/29/2017, 12:00 PM, January 29, sudharsan.kg@saggezza.com, sudharsan@27, Order Confirmation</td>
<td><div><pre>java.lang.RuntimeException: FAILED
	at utils.Reporter.reportStep(Reporter.java:38)
	at wrappers.GenericWrappers.clickByXpath(GenericWrappers.java:327)
	at pages.MenuAndOrd.clickCheckOut(MenuAndOrd.java:145)
	at testcases.RegUserPartyOrderPayAtRestaurant.login(RegUserPartyOrderPayAtRestaurant.java:27)
... Removed 24 stack frames</pre></div><a href='#' onClick='toggleBox("stack-trace1170788511", this, "Click to show all stack frames", "Click to hide stack frames")'>Click to show all stack frames</a>
<div class='stack-trace' id='stack-trace1170788511'><pre>java.lang.RuntimeException: FAILED
	at utils.Reporter.reportStep(Reporter.java:38)
	at wrappers.GenericWrappers.clickByXpath(GenericWrappers.java:327)
	at pages.MenuAndOrd.clickCheckOut(MenuAndOrd.java:145)
	at testcases.RegUserPartyOrderPayAtRestaurant.login(RegUserPartyOrderPayAtRestaurant.java:27)
	at sun.reflect.NativeMethodAccessorImpl.invoke0(Native Method)
	at sun.reflect.NativeMethodAccessorImpl.invoke(Unknown Source)
	at sun.reflect.DelegatingMethodAccessorImpl.invoke(Unknown Source)
	at java.lang.reflect.Method.invoke(Unknown Source)
	at org.testng.internal.MethodInvocationHelper.invokeMethod(MethodInvocationHelper.java:85)
	at org.testng.internal.Invoker.invokeMethod(Invoker.java:659)
	at org.testng.internal.Invoker.invokeTestMethod(Invoker.java:845)
	at org.testng.internal.Invoker.invokeTestMethods(Invoker.java:1153)
	at org.testng.internal.TestMethodWorker.invokeTestMethods(TestMethodWorker.java:125)
	at org.testng.internal.TestMethodWorker.run(TestMethodWorker.java:108)
	at org.testng.TestRunner.privateRun(TestRunner.java:771)
	at org.testng.TestRunner.run(TestRunner.java:621)
	at org.testng.SuiteRunner.runTest(SuiteRunner.java:357)
	at org.testng.SuiteRunner.runSequentially(SuiteRunner.java:352)
	at org.testng.SuiteRunner.privateRun(SuiteRunner.java:310)
	at org.testng.SuiteRunner.run(SuiteRunner.java:259)
	at org.testng.SuiteRunnerWorker.runSuite(SuiteRunnerWorker.java:52)
	at org.testng.SuiteRunnerWorker.run(SuiteRunnerWorker.java:86)
	at org.testng.TestNG.runSuitesSequentially(TestNG.java:1199)
	at org.testng.TestNG.runSuitesLocally(TestNG.java:1124)
	at org.testng.TestNG.run(TestNG.java:1032)
	at org.testng.remote.AbstractRemoteTestNG.run(AbstractRemoteTestNG.java:132)
	at org.testng.remote.RemoteTestNG.initAndRun(RemoteTestNG.java:236)
	at org.testng.remote.RemoteTestNG.main(RemoteTestNG.java:81)
</pre></div></td>
<td>20</td>
<td>testcases.RegUserPartyOrderPayAtRestaurant@13805618</td></tr>
<tr>
<td title='testcases.RegUserRegularAndPartyOrderPayAtRestaurant.login()'><b>login</b><br>Test class: testcases.RegUserRegularAndPartyOrderPayAtRestaurant<br>Parameters: sudharsan.kg@saggezza.com, qwerty123, 1, 1, 2, 01/30/2017, 12:00 PM, January 30, sudharsan.kg@saggezza.com, sudharsan@27, Order Confirmation</td>
<td><div><pre>java.lang.RuntimeException: FAILED
	at utils.Reporter.reportStep(Reporter.java:38)
	at wrappers.GenericWrappers.clickByXpath(GenericWrappers.java:327)
	at pages.MenuAndOrd.clickSize1(MenuAndOrd.java:73)
	at testcases.RegUserRegularAndPartyOrderPayAtRestaurant.login(RegUserRegularAndPartyOrderPayAtRestaurant.java:23)
... Removed 24 stack frames</pre></div><a href='#' onClick='toggleBox("stack-trace677120200", this, "Click to show all stack frames", "Click to hide stack frames")'>Click to show all stack frames</a>
<div class='stack-trace' id='stack-trace677120200'><pre>java.lang.RuntimeException: FAILED
	at utils.Reporter.reportStep(Reporter.java:38)
	at wrappers.GenericWrappers.clickByXpath(GenericWrappers.java:327)
	at pages.MenuAndOrd.clickSize1(MenuAndOrd.java:73)
	at testcases.RegUserRegularAndPartyOrderPayAtRestaurant.login(RegUserRegularAndPartyOrderPayAtRestaurant.java:23)
	at sun.reflect.NativeMethodAccessorImpl.invoke0(Native Method)
	at sun.reflect.NativeMethodAccessorImpl.invoke(Unknown Source)
	at sun.reflect.DelegatingMethodAccessorImpl.invoke(Unknown Source)
	at java.lang.reflect.Method.invoke(Unknown Source)
	at org.testng.internal.MethodInvocationHelper.invokeMethod(MethodInvocationHelper.java:85)
	at org.testng.internal.Invoker.invokeMethod(Invoker.java:659)
	at org.testng.internal.Invoker.invokeTestMethod(Invoker.java:845)
	at org.testng.internal.Invoker.invokeTestMethods(Invoker.java:1153)
	at org.testng.internal.TestMethodWorker.invokeTestMethods(TestMethodWorker.java:125)
	at org.testng.internal.TestMethodWorker.run(TestMethodWorker.java:108)
	at org.testng.TestRunner.privateRun(TestRunner.java:771)
	at org.testng.TestRunner.run(TestRunner.java:621)
	at org.testng.SuiteRunner.runTest(SuiteRunner.java:357)
	at org.testng.SuiteRunner.runSequentially(SuiteRunner.java:352)
	at org.testng.SuiteRunner.privateRun(SuiteRunner.java:310)
	at org.testng.SuiteRunner.run(SuiteRunner.java:259)
	at org.testng.SuiteRunnerWorker.runSuite(SuiteRunnerWorker.java:52)
	at org.testng.SuiteRunnerWorker.run(SuiteRunnerWorker.java:86)
	at org.testng.TestNG.runSuitesSequentially(TestNG.java:1199)
	at org.testng.TestNG.runSuitesLocally(TestNG.java:1124)
	at org.testng.TestNG.run(TestNG.java:1032)
	at org.testng.remote.AbstractRemoteTestNG.run(AbstractRemoteTestNG.java:132)
	at org.testng.remote.RemoteTestNG.initAndRun(RemoteTestNG.java:236)
	at org.testng.remote.RemoteTestNG.main(RemoteTestNG.java:81)
</pre></div></td>
<td>48</td>
<td>testcases.RegUserRegularAndPartyOrderPayAtRestaurant@1ed4004b</td></tr>
<tr>
<td title='testcases.RegUserRegularOrderPayOnline.login()'><b>login</b><br>Test class: testcases.RegUserRegularOrderPayOnline<br>Parameters: sudharsan.kg@saggezza.com, qwerty123, 1, 2, 01/30/2017, 12:00 PM, murugu, 5555555555554444, 1219, 123, sudharsan.kg@saggezza.com, sudharsan@27, Order Confirmation</td>
<td><div><pre>java.lang.RuntimeException: FAILED
	at utils.Reporter.reportStep(Reporter.java:38)
	at wrappers.GenericWrappers.clickByXpath(GenericWrappers.java:327)
	at pages.MenuAndOrd.clickSize1(MenuAndOrd.java:73)
	at testcases.RegUserRegularOrderPayOnline.login(RegUserRegularOrderPayOnline.java:25)
... Removed 24 stack frames</pre></div><a href='#' onClick='toggleBox("stack-trace1946111918", this, "Click to show all stack frames", "Click to hide stack frames")'>Click to show all stack frames</a>
<div class='stack-trace' id='stack-trace1946111918'><pre>java.lang.RuntimeException: FAILED
	at utils.Reporter.reportStep(Reporter.java:38)
	at wrappers.GenericWrappers.clickByXpath(GenericWrappers.java:327)
	at pages.MenuAndOrd.clickSize1(MenuAndOrd.java:73)
	at testcases.RegUserRegularOrderPayOnline.login(RegUserRegularOrderPayOnline.java:25)
	at sun.reflect.NativeMethodAccessorImpl.invoke0(Native Method)
	at sun.reflect.NativeMethodAccessorImpl.invoke(Unknown Source)
	at sun.reflect.DelegatingMethodAccessorImpl.invoke(Unknown Source)
	at java.lang.reflect.Method.invoke(Unknown Source)
	at org.testng.internal.MethodInvocationHelper.invokeMethod(MethodInvocationHelper.java:85)
	at org.testng.internal.Invoker.invokeMethod(Invoker.java:659)
	at org.testng.internal.Invoker.invokeTestMethod(Invoker.java:845)
	at org.testng.internal.Invoker.invokeTestMethods(Invoker.java:1153)
	at org.testng.internal.TestMethodWorker.invokeTestMethods(TestMethodWorker.java:125)
	at org.testng.internal.TestMethodWorker.run(TestMethodWorker.java:108)
	at org.testng.TestRunner.privateRun(TestRunner.java:771)
	at org.testng.TestRunner.run(TestRunner.java:621)
	at org.testng.SuiteRunner.runTest(SuiteRunner.java:357)
	at org.testng.SuiteRunner.runSequentially(SuiteRunner.java:352)
	at org.testng.SuiteRunner.privateRun(SuiteRunner.java:310)
	at org.testng.SuiteRunner.run(SuiteRunner.java:259)
	at org.testng.SuiteRunnerWorker.runSuite(SuiteRunnerWorker.java:52)
	at org.testng.SuiteRunnerWorker.run(SuiteRunnerWorker.java:86)
	at org.testng.TestNG.runSuitesSequentially(TestNG.java:1199)
	at org.testng.TestNG.runSuitesLocally(TestNG.java:1124)
	at org.testng.TestNG.run(TestNG.java:1032)
	at org.testng.remote.AbstractRemoteTestNG.run(AbstractRemoteTestNG.java:132)
	at org.testng.remote.RemoteTestNG.initAndRun(RemoteTestNG.java:236)
	at org.testng.remote.RemoteTestNG.main(RemoteTestNG.java:81)
</pre></div></td>
<td>48</td>
<td>testcases.RegUserRegularOrderPayOnline@4bec1f0c</td></tr>
<tr>
<td title='testcases.RegUserPartyOrderPayOnline.login()'><b>login</b><br>Test class: testcases.RegUserPartyOrderPayOnline<br>Parameters: sudharsan.kg@saggezza.com, qwerty123, 1, 2, 01/30/2017, 12:00 PM, January 30, murugu, 5555555555554444, 1219, 123, sudharsan.kg@saggezza.com, sudharsan@27, Order Confirmation</td>
<td><div><pre>java.lang.RuntimeException: FAILED
	at utils.Reporter.reportStep(Reporter.java:38)
	at wrappers.GenericWrappers.enterByXpath(GenericWrappers.java:149)
	at pages.CheckOut.clickCalendar(CheckOut.java:15)
	at testcases.RegUserPartyOrderPayOnline.login(RegUserPartyOrderPayOnline.java:31)
... Removed 24 stack frames</pre></div><a href='#' onClick='toggleBox("stack-trace883380345", this, "Click to show all stack frames", "Click to hide stack frames")'>Click to show all stack frames</a>
<div class='stack-trace' id='stack-trace883380345'><pre>java.lang.RuntimeException: FAILED
	at utils.Reporter.reportStep(Reporter.java:38)
	at wrappers.GenericWrappers.enterByXpath(GenericWrappers.java:149)
	at pages.CheckOut.clickCalendar(CheckOut.java:15)
	at testcases.RegUserPartyOrderPayOnline.login(RegUserPartyOrderPayOnline.java:31)
	at sun.reflect.NativeMethodAccessorImpl.invoke0(Native Method)
	at sun.reflect.NativeMethodAccessorImpl.invoke(Unknown Source)
	at sun.reflect.DelegatingMethodAccessorImpl.invoke(Unknown Source)
	at java.lang.reflect.Method.invoke(Unknown Source)
	at org.testng.internal.MethodInvocationHelper.invokeMethod(MethodInvocationHelper.java:85)
	at org.testng.internal.Invoker.invokeMethod(Invoker.java:659)
	at org.testng.internal.Invoker.invokeTestMethod(Invoker.java:845)
	at org.testng.internal.Invoker.invokeTestMethods(Invoker.java:1153)
	at org.testng.internal.TestMethodWorker.invokeTestMethods(TestMethodWorker.java:125)
	at org.testng.internal.TestMethodWorker.run(TestMethodWorker.java:108)
	at org.testng.TestRunner.privateRun(TestRunner.java:771)
	at org.testng.TestRunner.run(TestRunner.java:621)
	at org.testng.SuiteRunner.runTest(SuiteRunner.java:357)
	at org.testng.SuiteRunner.runSequentially(SuiteRunner.java:352)
	at org.testng.SuiteRunner.privateRun(SuiteRunner.java:310)
	at org.testng.SuiteRunner.run(SuiteRunner.java:259)
	at org.testng.SuiteRunnerWorker.runSuite(SuiteRunnerWorker.java:52)
	at org.testng.SuiteRunnerWorker.run(SuiteRunnerWorker.java:86)
	at org.testng.TestNG.runSuitesSequentially(TestNG.java:1199)
	at org.testng.TestNG.runSuitesLocally(TestNG.java:1124)
	at org.testng.TestNG.run(TestNG.java:1032)
	at org.testng.remote.AbstractRemoteTestNG.run(AbstractRemoteTestNG.java:132)
	at org.testng.remote.RemoteTestNG.initAndRun(RemoteTestNG.java:236)
	at org.testng.remote.RemoteTestNG.main(RemoteTestNG.java:81)
</pre></div></td>
<td>52</td>
<td>testcases.RegUserPartyOrderPayOnline@73ad2d6</td></tr>
<tr>
<td title='testcases.RegUserRegularAndPartyOrderPayOnline.login()'><b>login</b><br>Test class: testcases.RegUserRegularAndPartyOrderPayOnline<br>Parameters: sudharsan.kg@saggezza.com, qwerty123, 1, 1, 2, 01/30/2017, 12:00 PM, January 30, murugu, 5555555555554444, 1219, 123, sudharsan.kg@saggezza.com, sudharsan@27, Order Confirmation</td>
<td><div><pre>java.lang.RuntimeException: FAILED
	at utils.Reporter.reportStep(Reporter.java:38)
	at wrappers.GenericWrappers.clickByXpath(GenericWrappers.java:327)
	at pages.MenuAndOrd.clickSize1(MenuAndOrd.java:73)
	at testcases.RegUserRegularAndPartyOrderPayOnline.login(RegUserRegularAndPartyOrderPayOnline.java:24)
... Removed 24 stack frames</pre></div><a href='#' onClick='toggleBox("stack-trace878991463", this, "Click to show all stack frames", "Click to hide stack frames")'>Click to show all stack frames</a>
<div class='stack-trace' id='stack-trace878991463'><pre>java.lang.RuntimeException: FAILED
	at utils.Reporter.reportStep(Reporter.java:38)
	at wrappers.GenericWrappers.clickByXpath(GenericWrappers.java:327)
	at pages.MenuAndOrd.clickSize1(MenuAndOrd.java:73)
	at testcases.RegUserRegularAndPartyOrderPayOnline.login(RegUserRegularAndPartyOrderPayOnline.java:24)
	at sun.reflect.NativeMethodAccessorImpl.invoke0(Native Method)
	at sun.reflect.NativeMethodAccessorImpl.invoke(Unknown Source)
	at sun.reflect.DelegatingMethodAccessorImpl.invoke(Unknown Source)
	at java.lang.reflect.Method.invoke(Unknown Source)
	at org.testng.internal.MethodInvocationHelper.invokeMethod(MethodInvocationHelper.java:85)
	at org.testng.internal.Invoker.invokeMethod(Invoker.java:659)
	at org.testng.internal.Invoker.invokeTestMethod(Invoker.java:845)
	at org.testng.internal.Invoker.invokeTestMethods(Invoker.java:1153)
	at org.testng.internal.TestMethodWorker.invokeTestMethods(TestMethodWorker.java:125)
	at org.testng.internal.TestMethodWorker.run(TestMethodWorker.java:108)
	at org.testng.TestRunner.privateRun(TestRunner.java:771)
	at org.testng.TestRunner.run(TestRunner.java:621)
	at org.testng.SuiteRunner.runTest(SuiteRunner.java:357)
	at org.testng.SuiteRunner.runSequentially(SuiteRunner.java:352)
	at org.testng.SuiteRunner.privateRun(SuiteRunner.java:310)
	at org.testng.SuiteRunner.run(SuiteRunner.java:259)
	at org.testng.SuiteRunnerWorker.runSuite(SuiteRunnerWorker.java:52)
	at org.testng.SuiteRunnerWorker.run(SuiteRunnerWorker.java:86)
	at org.testng.TestNG.runSuitesSequentially(TestNG.java:1199)
	at org.testng.TestNG.runSuitesLocally(TestNG.java:1124)
	at org.testng.TestNG.run(TestNG.java:1032)
	at org.testng.remote.AbstractRemoteTestNG.run(AbstractRemoteTestNG.java:132)
	at org.testng.remote.RemoteTestNG.initAndRun(RemoteTestNG.java:236)
	at org.testng.remote.RemoteTestNG.main(RemoteTestNG.java:81)
</pre></div></td>
<td>68</td>
<td>testcases.RegUserRegularAndPartyOrderPayOnline@3159c4b8</td></tr>
<tr>
<td title='testcases.GuestUserRegularOrderPayAtRestaurant.login()'><b>login</b><br>Test class: testcases.GuestUserRegularOrderPayAtRestaurant<br>Parameters: Scottsdale, AZ, United States, 1, 1, 01/30/2017, 12:00 PM, murugu, susan, murugeshwari.subbaraman+301@saggezza.com, 1234567890, 45632, January 30, sudharsan.kg@saggezza.com, sudharsan@27, Order Confirmation</td>
<td><div><pre>java.lang.RuntimeException: FAILED
	at utils.Reporter.reportStep(Reporter.java:38)
	at wrappers.GenericWrappers.clickByXpath(GenericWrappers.java:327)
	at pages.MenuAndOrd.clickSize1(MenuAndOrd.java:73)
	at testcases.GuestUserRegularOrderPayAtRestaurant.login(GuestUserRegularOrderPayAtRestaurant.java:24)
... Removed 24 stack frames</pre></div><a href='#' onClick='toggleBox("stack-trace1967617997", this, "Click to show all stack frames", "Click to hide stack frames")'>Click to show all stack frames</a>
<div class='stack-trace' id='stack-trace1967617997'><pre>java.lang.RuntimeException: FAILED
	at utils.Reporter.reportStep(Reporter.java:38)
	at wrappers.GenericWrappers.clickByXpath(GenericWrappers.java:327)
	at pages.MenuAndOrd.clickSize1(MenuAndOrd.java:73)
	at testcases.GuestUserRegularOrderPayAtRestaurant.login(GuestUserRegularOrderPayAtRestaurant.java:24)
	at sun.reflect.NativeMethodAccessorImpl.invoke0(Native Method)
	at sun.reflect.NativeMethodAccessorImpl.invoke(Unknown Source)
	at sun.reflect.DelegatingMethodAccessorImpl.invoke(Unknown Source)
	at java.lang.reflect.Method.invoke(Unknown Source)
	at org.testng.internal.MethodInvocationHelper.invokeMethod(MethodInvocationHelper.java:85)
	at org.testng.internal.Invoker.invokeMethod(Invoker.java:659)
	at org.testng.internal.Invoker.invokeTestMethod(Invoker.java:845)
	at org.testng.internal.Invoker.invokeTestMethods(Invoker.java:1153)
	at org.testng.internal.TestMethodWorker.invokeTestMethods(TestMethodWorker.java:125)
	at org.testng.internal.TestMethodWorker.run(TestMethodWorker.java:108)
	at org.testng.TestRunner.privateRun(TestRunner.java:771)
	at org.testng.TestRunner.run(TestRunner.java:621)
	at org.testng.SuiteRunner.runTest(SuiteRunner.java:357)
	at org.testng.SuiteRunner.runSequentially(SuiteRunner.java:352)
	at org.testng.SuiteRunner.privateRun(SuiteRunner.java:310)
	at org.testng.SuiteRunner.run(SuiteRunner.java:259)
	at org.testng.SuiteRunnerWorker.runSuite(SuiteRunnerWorker.java:52)
	at org.testng.SuiteRunnerWorker.run(SuiteRunnerWorker.java:86)
	at org.testng.TestNG.runSuitesSequentially(TestNG.java:1199)
	at org.testng.TestNG.runSuitesLocally(TestNG.java:1124)
	at org.testng.TestNG.run(TestNG.java:1032)
	at org.testng.remote.AbstractRemoteTestNG.run(AbstractRemoteTestNG.java:132)
	at org.testng.remote.RemoteTestNG.initAndRun(RemoteTestNG.java:236)
	at org.testng.remote.RemoteTestNG.main(RemoteTestNG.java:81)
</pre></div></td>
<td>60</td>
<td>testcases.GuestUserRegularOrderPayAtRestaurant@5cb9f472</td></tr>
<tr>
<td title='testcases.GuestUserPartyOrderPayAtRestaurant.login()'><b>login</b><br>Test class: testcases.GuestUserPartyOrderPayAtRestaurant<br>Parameters: Scottsdale, AZ, United States, 1, 1, 01/30/2017, 12:00 PM, murugu, susan, sudharsan.kg+300@saggezza.com, 1234567890, 45632, January 30, sudharsan.kg@saggezza.com, sudharsan@27, Order Confirmation</td>
<td><div><pre>java.lang.RuntimeException: FAILED
	at utils.Reporter.reportStep(Reporter.java:38)
	at wrappers.GenericWrappers.clickByXpath(GenericWrappers.java:327)
	at pages.MenuAndOrd.clickCheckOut(MenuAndOrd.java:145)
	at testcases.GuestUserPartyOrderPayAtRestaurant.login(GuestUserPartyOrderPayAtRestaurant.java:27)
... Removed 24 stack frames</pre></div><a href='#' onClick='toggleBox("stack-trace1052842393", this, "Click to show all stack frames", "Click to hide stack frames")'>Click to show all stack frames</a>
<div class='stack-trace' id='stack-trace1052842393'><pre>java.lang.RuntimeException: FAILED
	at utils.Reporter.reportStep(Reporter.java:38)
	at wrappers.GenericWrappers.clickByXpath(GenericWrappers.java:327)
	at pages.MenuAndOrd.clickCheckOut(MenuAndOrd.java:145)
	at testcases.GuestUserPartyOrderPayAtRestaurant.login(GuestUserPartyOrderPayAtRestaurant.java:27)
	at sun.reflect.NativeMethodAccessorImpl.invoke0(Native Method)
	at sun.reflect.NativeMethodAccessorImpl.invoke(Unknown Source)
	at sun.reflect.DelegatingMethodAccessorImpl.invoke(Unknown Source)
	at java.lang.reflect.Method.invoke(Unknown Source)
	at org.testng.internal.MethodInvocationHelper.invokeMethod(MethodInvocationHelper.java:85)
	at org.testng.internal.Invoker.invokeMethod(Invoker.java:659)
	at org.testng.internal.Invoker.invokeTestMethod(Invoker.java:845)
	at org.testng.internal.Invoker.invokeTestMethods(Invoker.java:1153)
	at org.testng.internal.TestMethodWorker.invokeTestMethods(TestMethodWorker.java:125)
	at org.testng.internal.TestMethodWorker.run(TestMethodWorker.java:108)
	at org.testng.TestRunner.privateRun(TestRunner.java:771)
	at org.testng.TestRunner.run(TestRunner.java:621)
	at org.testng.SuiteRunner.runTest(SuiteRunner.java:357)
	at org.testng.SuiteRunner.runSequentially(SuiteRunner.java:352)
	at org.testng.SuiteRunner.privateRun(SuiteRunner.java:310)
	at org.testng.SuiteRunner.run(SuiteRunner.java:259)
	at org.testng.SuiteRunnerWorker.runSuite(SuiteRunnerWorker.java:52)
	at org.testng.SuiteRunnerWorker.run(SuiteRunnerWorker.java:86)
	at org.testng.TestNG.runSuitesSequentially(TestNG.java:1199)
	at org.testng.TestNG.runSuitesLocally(TestNG.java:1124)
	at org.testng.TestNG.run(TestNG.java:1032)
	at org.testng.remote.AbstractRemoteTestNG.run(AbstractRemoteTestNG.java:132)
	at org.testng.remote.RemoteTestNG.initAndRun(RemoteTestNG.java:236)
	at org.testng.remote.RemoteTestNG.main(RemoteTestNG.java:81)
</pre></div></td>
<td>14</td>
<td>testcases.GuestUserPartyOrderPayAtRestaurant@cb644e</td></tr>
<tr>
<td title='testcases.GuestUserRegularPartyOrderPayAtRestaurant.login()'><b>login</b><br>Test class: testcases.GuestUserRegularPartyOrderPayAtRestaurant<br>Parameters: Scottsdale, AZ, United States, 1, 1, 1, 01/30/2017, 12:00 PM, murugu, susan, sudharsan.kg+300@saggezza.com, 1234567890, 45632, January 30, sudharsan.kg@saggezza.com, sudharsan@27, Order Confirmation</td>
<td><div><pre>java.lang.RuntimeException: FAILED
	at utils.Reporter.reportStep(Reporter.java:38)
	at wrappers.GenericWrappers.clickByXpath(GenericWrappers.java:327)
	at pages.MenuAndOrd.clickSize1(MenuAndOrd.java:73)
	at testcases.GuestUserRegularPartyOrderPayAtRestaurant.login(GuestUserRegularPartyOrderPayAtRestaurant.java:24)
... Removed 24 stack frames</pre></div><a href='#' onClick='toggleBox("stack-trace2030138610", this, "Click to show all stack frames", "Click to hide stack frames")'>Click to show all stack frames</a>
<div class='stack-trace' id='stack-trace2030138610'><pre>java.lang.RuntimeException: FAILED
	at utils.Reporter.reportStep(Reporter.java:38)
	at wrappers.GenericWrappers.clickByXpath(GenericWrappers.java:327)
	at pages.MenuAndOrd.clickSize1(MenuAndOrd.java:73)
	at testcases.GuestUserRegularPartyOrderPayAtRestaurant.login(GuestUserRegularPartyOrderPayAtRestaurant.java:24)
	at sun.reflect.NativeMethodAccessorImpl.invoke0(Native Method)
	at sun.reflect.NativeMethodAccessorImpl.invoke(Unknown Source)
	at sun.reflect.DelegatingMethodAccessorImpl.invoke(Unknown Source)
	at java.lang.reflect.Method.invoke(Unknown Source)
	at org.testng.internal.MethodInvocationHelper.invokeMethod(MethodInvocationHelper.java:85)
	at org.testng.internal.Invoker.invokeMethod(Invoker.java:659)
	at org.testng.internal.Invoker.invokeTestMethod(Invoker.java:845)
	at org.testng.internal.Invoker.invokeTestMethods(Invoker.java:1153)
	at org.testng.internal.TestMethodWorker.invokeTestMethods(TestMethodWorker.java:125)
	at org.testng.internal.TestMethodWorker.run(TestMethodWorker.java:108)
	at org.testng.TestRunner.privateRun(TestRunner.java:771)
	at org.testng.TestRunner.run(TestRunner.java:621)
	at org.testng.SuiteRunner.runTest(SuiteRunner.java:357)
	at org.testng.SuiteRunner.runSequentially(SuiteRunner.java:352)
	at org.testng.SuiteRunner.privateRun(SuiteRunner.java:310)
	at org.testng.SuiteRunner.run(SuiteRunner.java:259)
	at org.testng.SuiteRunnerWorker.runSuite(SuiteRunnerWorker.java:52)
	at org.testng.SuiteRunnerWorker.run(SuiteRunnerWorker.java:86)
	at org.testng.TestNG.runSuitesSequentially(TestNG.java:1199)
	at org.testng.TestNG.runSuitesLocally(TestNG.java:1124)
	at org.testng.TestNG.run(TestNG.java:1032)
	at org.testng.remote.AbstractRemoteTestNG.run(AbstractRemoteTestNG.java:132)
	at org.testng.remote.RemoteTestNG.initAndRun(RemoteTestNG.java:236)
	at org.testng.remote.RemoteTestNG.main(RemoteTestNG.java:81)
</pre></div></td>
<td>43</td>
<td>testcases.GuestUserRegularPartyOrderPayAtRestaurant@29ca901e</td></tr>
<tr>
<td title='testcases.GuestUserRegularOrderPayOnline.login()'><b>login</b><br>Test class: testcases.GuestUserRegularOrderPayOnline<br>Parameters: Scottsdale, AZ, United States, 1, 1, 01/30/2017, 12:00 PM, murugu, susan, sudharsan.kg+300@saggezza.com, 1234567890, 45632, Sudharsan, 5555555555554444, 1219, 123, January 30, sudharsan.kg@saggezza.com, sudharsan@27, Order Confirmation</td>
<td><div><pre>java.lang.RuntimeException: FAILED
	at utils.Reporter.reportStep(Reporter.java:38)
	at wrappers.GenericWrappers.clickByXpath(GenericWrappers.java:327)
	at pages.MenuAndOrd.clickSize1(MenuAndOrd.java:73)
	at testcases.GuestUserRegularOrderPayOnline.login(GuestUserRegularOrderPayOnline.java:24)
... Removed 24 stack frames</pre></div><a href='#' onClick='toggleBox("stack-trace649630909", this, "Click to show all stack frames", "Click to hide stack frames")'>Click to show all stack frames</a>
<div class='stack-trace' id='stack-trace649630909'><pre>java.lang.RuntimeException: FAILED
	at utils.Reporter.reportStep(Reporter.java:38)
	at wrappers.GenericWrappers.clickByXpath(GenericWrappers.java:327)
	at pages.MenuAndOrd.clickSize1(MenuAndOrd.java:73)
	at testcases.GuestUserRegularOrderPayOnline.login(GuestUserRegularOrderPayOnline.java:24)
	at sun.reflect.NativeMethodAccessorImpl.invoke0(Native Method)
	at sun.reflect.NativeMethodAccessorImpl.invoke(Unknown Source)
	at sun.reflect.DelegatingMethodAccessorImpl.invoke(Unknown Source)
	at java.lang.reflect.Method.invoke(Unknown Source)
	at org.testng.internal.MethodInvocationHelper.invokeMethod(MethodInvocationHelper.java:85)
	at org.testng.internal.Invoker.invokeMethod(Invoker.java:659)
	at org.testng.internal.Invoker.invokeTestMethod(Invoker.java:845)
	at org.testng.internal.Invoker.invokeTestMethods(Invoker.java:1153)
	at org.testng.internal.TestMethodWorker.invokeTestMethods(TestMethodWorker.java:125)
	at org.testng.internal.TestMethodWorker.run(TestMethodWorker.java:108)
	at org.testng.TestRunner.privateRun(TestRunner.java:771)
	at org.testng.TestRunner.run(TestRunner.java:621)
	at org.testng.SuiteRunner.runTest(SuiteRunner.java:357)
	at org.testng.SuiteRunner.runSequentially(SuiteRunner.java:352)
	at org.testng.SuiteRunner.privateRun(SuiteRunner.java:310)
	at org.testng.SuiteRunner.run(SuiteRunner.java:259)
	at org.testng.SuiteRunnerWorker.runSuite(SuiteRunnerWorker.java:52)
	at org.testng.SuiteRunnerWorker.run(SuiteRunnerWorker.java:86)
	at org.testng.TestNG.runSuitesSequentially(TestNG.java:1199)
	at org.testng.TestNG.runSuitesLocally(TestNG.java:1124)
	at org.testng.TestNG.run(TestNG.java:1032)
	at org.testng.remote.AbstractRemoteTestNG.run(AbstractRemoteTestNG.java:132)
	at org.testng.remote.RemoteTestNG.initAndRun(RemoteTestNG.java:236)
	at org.testng.remote.RemoteTestNG.main(RemoteTestNG.java:81)
</pre></div></td>
<td>45</td>
<td>testcases.GuestUserRegularOrderPayOnline@ff5b51f</td></tr>
<tr>
<td title='testcases.GuestUserPartyOrderPayOnline.login()'><b>login</b><br>Test class: testcases.GuestUserPartyOrderPayOnline<br>Parameters: Scottsdale, AZ, United States, 1, 1, 01/30/2017, 12:00 PM, murugu, susan, sudharsan.kg+300@saggezza.com, 1234567890, 45632, Sudharsan, 5555555555554444, 1219, 123, January 30, sudharsan.kg@saggezza.com, sudharsan@27, Order Confirmation</td>
<td><div><pre>java.lang.RuntimeException: FAILED
	at utils.Reporter.reportStep(Reporter.java:38)
	at wrappers.GenericWrappers.clickByXpath(GenericWrappers.java:327)
	at pages.MenuAndOrd.clickCheckOut(MenuAndOrd.java:145)
	at testcases.GuestUserPartyOrderPayOnline.login(GuestUserPartyOrderPayOnline.java:27)
... Removed 24 stack frames</pre></div><a href='#' onClick='toggleBox("stack-trace51460663", this, "Click to show all stack frames", "Click to hide stack frames")'>Click to show all stack frames</a>
<div class='stack-trace' id='stack-trace51460663'><pre>java.lang.RuntimeException: FAILED
	at utils.Reporter.reportStep(Reporter.java:38)
	at wrappers.GenericWrappers.clickByXpath(GenericWrappers.java:327)
	at pages.MenuAndOrd.clickCheckOut(MenuAndOrd.java:145)
	at testcases.GuestUserPartyOrderPayOnline.login(GuestUserPartyOrderPayOnline.java:27)
	at sun.reflect.NativeMethodAccessorImpl.invoke0(Native Method)
	at sun.reflect.NativeMethodAccessorImpl.invoke(Unknown Source)
	at sun.reflect.DelegatingMethodAccessorImpl.invoke(Unknown Source)
	at java.lang.reflect.Method.invoke(Unknown Source)
	at org.testng.internal.MethodInvocationHelper.invokeMethod(MethodInvocationHelper.java:85)
	at org.testng.internal.Invoker.invokeMethod(Invoker.java:659)
	at org.testng.internal.Invoker.invokeTestMethod(Invoker.java:845)
	at org.testng.internal.Invoker.invokeTestMethods(Invoker.java:1153)
	at org.testng.internal.TestMethodWorker.invokeTestMethods(TestMethodWorker.java:125)
	at org.testng.internal.TestMethodWorker.run(TestMethodWorker.java:108)
	at org.testng.TestRunner.privateRun(TestRunner.java:771)
	at org.testng.TestRunner.run(TestRunner.java:621)
	at org.testng.SuiteRunner.runTest(SuiteRunner.java:357)
	at org.testng.SuiteRunner.runSequentially(SuiteRunner.java:352)
	at org.testng.SuiteRunner.privateRun(SuiteRunner.java:310)
	at org.testng.SuiteRunner.run(SuiteRunner.java:259)
	at org.testng.SuiteRunnerWorker.runSuite(SuiteRunnerWorker.java:52)
	at org.testng.SuiteRunnerWorker.run(SuiteRunnerWorker.java:86)
	at org.testng.TestNG.runSuitesSequentially(TestNG.java:1199)
	at org.testng.TestNG.runSuitesLocally(TestNG.java:1124)
	at org.testng.TestNG.run(TestNG.java:1032)
	at org.testng.remote.AbstractRemoteTestNG.run(AbstractRemoteTestNG.java:132)
	at org.testng.remote.RemoteTestNG.initAndRun(RemoteTestNG.java:236)
	at org.testng.remote.RemoteTestNG.main(RemoteTestNG.java:81)
</pre></div></td>
<td>14</td>
<td>testcases.GuestUserPartyOrderPayOnline@6e1567f1</td></tr>
<tr>
<td title='testcases.GuestUserRegularPartyOrderPayOnline.login()'><b>login</b><br>Test class: testcases.GuestUserRegularPartyOrderPayOnline<br>Parameters: Scottsdale, AZ, United States, 1, 1, 1, 01/30/2017, 12:00 PM, murugu, susan, sudharsan.kg+300@saggezza.com, 1234567890, 45632, Sudharsan, 5555555555554444, 1219, 123, December 30, sudharsan.kg@saggezza.com, sudharsan@27, Order Confirmation</td>
<td><div><pre>java.lang.RuntimeException: FAILED
	at utils.Reporter.reportStep(Reporter.java:38)
	at wrappers.GenericWrappers.clickByXpath(GenericWrappers.java:327)
	at pages.MenuAndOrd.clickSize1(MenuAndOrd.java:73)
	at testcases.GuestUserRegularPartyOrderPayOnline.login(GuestUserRegularPartyOrderPayOnline.java:24)
... Removed 24 stack frames</pre></div><a href='#' onClick='toggleBox("stack-trace80756779", this, "Click to show all stack frames", "Click to hide stack frames")'>Click to show all stack frames</a>
<div class='stack-trace' id='stack-trace80756779'><pre>java.lang.RuntimeException: FAILED
	at utils.Reporter.reportStep(Reporter.java:38)
	at wrappers.GenericWrappers.clickByXpath(GenericWrappers.java:327)
	at pages.MenuAndOrd.clickSize1(MenuAndOrd.java:73)
	at testcases.GuestUserRegularPartyOrderPayOnline.login(GuestUserRegularPartyOrderPayOnline.java:24)
	at sun.reflect.NativeMethodAccessorImpl.invoke0(Native Method)
	at sun.reflect.NativeMethodAccessorImpl.invoke(Unknown Source)
	at sun.reflect.DelegatingMethodAccessorImpl.invoke(Unknown Source)
	at java.lang.reflect.Method.invoke(Unknown Source)
	at org.testng.internal.MethodInvocationHelper.invokeMethod(MethodInvocationHelper.java:85)
	at org.testng.internal.Invoker.invokeMethod(Invoker.java:659)
	at org.testng.internal.Invoker.invokeTestMethod(Invoker.java:845)
	at org.testng.internal.Invoker.invokeTestMethods(Invoker.java:1153)
	at org.testng.internal.TestMethodWorker.invokeTestMethods(TestMethodWorker.java:125)
	at org.testng.internal.TestMethodWorker.run(TestMethodWorker.java:108)
	at org.testng.TestRunner.privateRun(TestRunner.java:771)
	at org.testng.TestRunner.run(TestRunner.java:621)
	at org.testng.SuiteRunner.runTest(SuiteRunner.java:357)
	at org.testng.SuiteRunner.runSequentially(SuiteRunner.java:352)
	at org.testng.SuiteRunner.privateRun(SuiteRunner.java:310)
	at org.testng.SuiteRunner.run(SuiteRunner.java:259)
	at org.testng.SuiteRunnerWorker.runSuite(SuiteRunnerWorker.java:52)
	at org.testng.SuiteRunnerWorker.run(SuiteRunnerWorker.java:86)
	at org.testng.TestNG.runSuitesSequentially(TestNG.java:1199)
	at org.testng.TestNG.runSuitesLocally(TestNG.java:1124)
	at org.testng.TestNG.run(TestNG.java:1032)
	at org.testng.remote.AbstractRemoteTestNG.run(AbstractRemoteTestNG.java:132)
	at org.testng.remote.RemoteTestNG.initAndRun(RemoteTestNG.java:236)
	at org.testng.remote.RemoteTestNG.main(RemoteTestNG.java:81)
</pre></div></td>
<td>45</td>
<td>testcases.GuestUserRegularPartyOrderPayOnline@5649fd9b</td></tr>
<tr>
<td title='testcases.SocialMedia.login()'><b>login</b><br>Test class: testcases.SocialMedia</td>
<td><div><pre>java.lang.RuntimeException: FAILED
	at utils.Reporter.reportStep(Reporter.java:38)
	at wrappers.GenericWrappers.clickByXpath(GenericWrappers.java:327)
	at pages.HomePage.clickFacebook(HomePage.java:89)
	at testcases.SocialMedia.login(SocialMedia.java:17)
... Removed 24 stack frames</pre></div><a href='#' onClick='toggleBox("stack-trace1055104416", this, "Click to show all stack frames", "Click to hide stack frames")'>Click to show all stack frames</a>
<div class='stack-trace' id='stack-trace1055104416'><pre>java.lang.RuntimeException: FAILED
	at utils.Reporter.reportStep(Reporter.java:38)
	at wrappers.GenericWrappers.clickByXpath(GenericWrappers.java:327)
	at pages.HomePage.clickFacebook(HomePage.java:89)
	at testcases.SocialMedia.login(SocialMedia.java:17)
	at sun.reflect.NativeMethodAccessorImpl.invoke0(Native Method)
	at sun.reflect.NativeMethodAccessorImpl.invoke(Unknown Source)
	at sun.reflect.DelegatingMethodAccessorImpl.invoke(Unknown Source)
	at java.lang.reflect.Method.invoke(Unknown Source)
	at org.testng.internal.MethodInvocationHelper.invokeMethod(MethodInvocationHelper.java:85)
	at org.testng.internal.Invoker.invokeMethod(Invoker.java:659)
	at org.testng.internal.Invoker.invokeTestMethod(Invoker.java:845)
	at org.testng.internal.Invoker.invokeTestMethods(Invoker.java:1153)
	at org.testng.internal.TestMethodWorker.invokeTestMethods(TestMethodWorker.java:125)
	at org.testng.internal.TestMethodWorker.run(TestMethodWorker.java:108)
	at org.testng.TestRunner.privateRun(TestRunner.java:771)
	at org.testng.TestRunner.run(TestRunner.java:621)
	at org.testng.SuiteRunner.runTest(SuiteRunner.java:357)
	at org.testng.SuiteRunner.runSequentially(SuiteRunner.java:352)
	at org.testng.SuiteRunner.privateRun(SuiteRunner.java:310)
	at org.testng.SuiteRunner.run(SuiteRunner.java:259)
	at org.testng.SuiteRunnerWorker.runSuite(SuiteRunnerWorker.java:52)
	at org.testng.SuiteRunnerWorker.run(SuiteRunnerWorker.java:86)
	at org.testng.TestNG.runSuitesSequentially(TestNG.java:1199)
	at org.testng.TestNG.runSuitesLocally(TestNG.java:1124)
	at org.testng.TestNG.run(TestNG.java:1032)
	at org.testng.remote.AbstractRemoteTestNG.run(AbstractRemoteTestNG.java:132)
	at org.testng.remote.RemoteTestNG.initAndRun(RemoteTestNG.java:236)
	at org.testng.remote.RemoteTestNG.main(RemoteTestNG.java:81)
</pre></div></td>
<td>1</td>
<td>testcases.SocialMedia@4566e5bd</td></tr>
<tr>
<td title='testcases.FooterLinks.login()'><b>login</b><br>Test class: testcases.FooterLinks</td>
<td><div><pre>java.lang.RuntimeException: FAILED
	at utils.Reporter.reportStep(Reporter.java:38)
	at wrappers.GenericWrappers.clickByXpath(GenericWrappers.java:327)
	at pages.HomePage.clickContactus(HomePage.java:121)
	at testcases.FooterLinks.login(FooterLinks.java:17)
... Removed 24 stack frames</pre></div><a href='#' onClick='toggleBox("stack-trace823758059", this, "Click to show all stack frames", "Click to hide stack frames")'>Click to show all stack frames</a>
<div class='stack-trace' id='stack-trace823758059'><pre>java.lang.RuntimeException: FAILED
	at utils.Reporter.reportStep(Reporter.java:38)
	at wrappers.GenericWrappers.clickByXpath(GenericWrappers.java:327)
	at pages.HomePage.clickContactus(HomePage.java:121)
	at testcases.FooterLinks.login(FooterLinks.java:17)
	at sun.reflect.NativeMethodAccessorImpl.invoke0(Native Method)
	at sun.reflect.NativeMethodAccessorImpl.invoke(Unknown Source)
	at sun.reflect.DelegatingMethodAccessorImpl.invoke(Unknown Source)
	at java.lang.reflect.Method.invoke(Unknown Source)
	at org.testng.internal.MethodInvocationHelper.invokeMethod(MethodInvocationHelper.java:85)
	at org.testng.internal.Invoker.invokeMethod(Invoker.java:659)
	at org.testng.internal.Invoker.invokeTestMethod(Invoker.java:845)
	at org.testng.internal.Invoker.invokeTestMethods(Invoker.java:1153)
	at org.testng.internal.TestMethodWorker.invokeTestMethods(TestMethodWorker.java:125)
	at org.testng.internal.TestMethodWorker.run(TestMethodWorker.java:108)
	at org.testng.TestRunner.privateRun(TestRunner.java:771)
	at org.testng.TestRunner.run(TestRunner.java:621)
	at org.testng.SuiteRunner.runTest(SuiteRunner.java:357)
	at org.testng.SuiteRunner.runSequentially(SuiteRunner.java:352)
	at org.testng.SuiteRunner.privateRun(SuiteRunner.java:310)
	at org.testng.SuiteRunner.run(SuiteRunner.java:259)
	at org.testng.SuiteRunnerWorker.runSuite(SuiteRunnerWorker.java:52)
	at org.testng.SuiteRunnerWorker.run(SuiteRunnerWorker.java:86)
	at org.testng.TestNG.runSuitesSequentially(TestNG.java:1199)
	at org.testng.TestNG.runSuitesLocally(TestNG.java:1124)
	at org.testng.TestNG.run(TestNG.java:1032)
	at org.testng.remote.AbstractRemoteTestNG.run(AbstractRemoteTestNG.java:132)
	at org.testng.remote.RemoteTestNG.initAndRun(RemoteTestNG.java:236)
	at org.testng.remote.RemoteTestNG.main(RemoteTestNG.java:81)
</pre></div></td>
<td>1</td>
<td>testcases.FooterLinks@59494225</td></tr>
<tr>
<td title='testcases.ValidateAddFavorite.login()'><b>login</b><br>Test class: testcases.ValidateAddFavorite<br>Parameters: rajaprabha.sathishkumar@saggezza.com, prabha2016, 01/29/17, 11:00 AM, rajaprabha.sathishkumar@saggezza.com, prabha2016, Order Confirmation </td>
<td><div><pre>java.lang.RuntimeException: FAILED
	at utils.Reporter.reportStep(Reporter.java:38)
	at wrappers.GenericWrappers.selectByName(GenericWrappers.java:416)
	at pages.CheckOut.selectTime(CheckOut.java:33)
	at testcases.ValidateAddFavorite.login(ValidateAddFavorite.java:24)
... Removed 24 stack frames</pre></div><a href='#' onClick='toggleBox("stack-trace1736458419", this, "Click to show all stack frames", "Click to hide stack frames")'>Click to show all stack frames</a>
<div class='stack-trace' id='stack-trace1736458419'><pre>java.lang.RuntimeException: FAILED
	at utils.Reporter.reportStep(Reporter.java:38)
	at wrappers.GenericWrappers.selectByName(GenericWrappers.java:416)
	at pages.CheckOut.selectTime(CheckOut.java:33)
	at testcases.ValidateAddFavorite.login(ValidateAddFavorite.java:24)
	at sun.reflect.NativeMethodAccessorImpl.invoke0(Native Method)
	at sun.reflect.NativeMethodAccessorImpl.invoke(Unknown Source)
	at sun.reflect.DelegatingMethodAccessorImpl.invoke(Unknown Source)
	at java.lang.reflect.Method.invoke(Unknown Source)
	at org.testng.internal.MethodInvocationHelper.invokeMethod(MethodInvocationHelper.java:85)
	at org.testng.internal.Invoker.invokeMethod(Invoker.java:659)
	at org.testng.internal.Invoker.invokeTestMethod(Invoker.java:845)
	at org.testng.internal.Invoker.invokeTestMethods(Invoker.java:1153)
	at org.testng.internal.TestMethodWorker.invokeTestMethods(TestMethodWorker.java:125)
	at org.testng.internal.TestMethodWorker.run(TestMethodWorker.java:108)
	at org.testng.TestRunner.privateRun(TestRunner.java:771)
	at org.testng.TestRunner.run(TestRunner.java:621)
	at org.testng.SuiteRunner.runTest(SuiteRunner.java:357)
	at org.testng.SuiteRunner.runSequentially(SuiteRunner.java:352)
	at org.testng.SuiteRunner.privateRun(SuiteRunner.java:310)
	at org.testng.SuiteRunner.run(SuiteRunner.java:259)
	at org.testng.SuiteRunnerWorker.runSuite(SuiteRunnerWorker.java:52)
	at org.testng.SuiteRunnerWorker.run(SuiteRunnerWorker.java:86)
	at org.testng.TestNG.runSuitesSequentially(TestNG.java:1199)
	at org.testng.TestNG.runSuitesLocally(TestNG.java:1124)
	at org.testng.TestNG.run(TestNG.java:1032)
	at org.testng.remote.AbstractRemoteTestNG.run(AbstractRemoteTestNG.java:132)
	at org.testng.remote.RemoteTestNG.initAndRun(RemoteTestNG.java:236)
	at org.testng.remote.RemoteTestNG.main(RemoteTestNG.java:81)
</pre></div></td>
<td>82</td>
<td>testcases.ValidateAddFavorite@25bbe1b6</td></tr>
</table><p>
<table width='100%' border='1' class='invocation-passed'>
<tr><td colspan='4' align='center'><b>PASSED TESTS</b></td></tr>
<tr><td><b>Test method</b></td>
<td width="30%"><b>Exception</b></td>
<td width="10%"><b>Time (seconds)</b></td>
<td><b>Instance</b></td>
</tr>
<tr>
<td title='testcases.ForgotPwd.login()'><b>login</b><br>Test class: testcases.ForgotPwd<br>Parameters: murugeshwari.subbaraman@saggezza.com, murugeshwari.subbaraman@saggezza.com, Sreegowri28$, qwerty1234, qwerty1234</td>
<td></td>
<td>129</td>
<td>testcases.ForgotPwd@73846619</td></tr>
<tr>
<td title='testcases.RegUserAddGiftCard.login()'><b>login</b><br>Test class: testcases.RegUserAddGiftCard<br>Parameters: sudharsan.kg@saggezza.com, qwerty123, $25, 1, murugeswari, Hi, Enjoy ur meal at Peiwei. Have a wonderfull Dinner, murugeswari, Subbaraman, 1234567890, No.6/14, 3rdcross street, Balaji Nagar, Ekkaduthangal, Chennai, Indiana, 46074, USMail: 3 to 7 days ($0.00), sudharsan.kg@saggezza.com, Susan, 5555555555554444, 1219, sudharsan.kg@saggezza.com, sudharsan@27, Thanks for your gift card order!</td>
<td></td>
<td>190</td>
<td>testcases.RegUserAddGiftCard@5702b3b1</td></tr>
<tr>
<td title='testcases.GuestUserAddGiftCard.login()'><b>login</b><br>Test class: testcases.GuestUserAddGiftCard<br>Parameters: $25, 1, Prabha, Sathish, Hi, Prabha, Sathish, 1234567890, Ad1,AA, Ad2, Chennai, Indiana, 27655, USMail: 3 to 7 days ($0.00), rajaprabha.sathishkumar@saggezza.com, Prabha, 5555555555554444, 1219, rajaprabha.sathishkumar@saggezza.com, prabha2016, Thanks for your gift card order!</td>
<td></td>
<td>93</td>
<td>testcases.GuestUserAddGiftCard@6e06451e</td></tr>
<tr>
<td title='testcases.RegUserMyPeiWeiRewards.login()'><b>login</b><br>Test class: testcases.RegUserMyPeiWeiRewards<br>Parameters: sudharsan.kg@saggezza.com, qwerty123</td>
<td></td>
<td>39</td>
<td>testcases.RegUserMyPeiWeiRewards@69ea3742</td></tr>
</table><p>
</body>
</html>